Running...
Lincoln MacMillan deleted.
yui_lsmith deleted.
capitalthought deleted.
Capital Factory deleted.
Don Draper deleted.
The Band of Heathens deleted.
setherton deleted.
MealsonWheels&amp;Mo deleted.
Felicia Day deleted.
Alyssa Milano deleted.
Anderson Cooper deleted.
Eddie Izzard deleted.
Lance Armstrong deleted.
Kevin Spacey deleted.
Sarah Silverman deleted.
Hugh Jackman deleted.
Alison Sweeney deleted.
Joey McIntyre deleted.
Dodgers deleted.
Tony Hawk deleted.
SearchAutism deleted.
Demi Moore deleted.
P!nk deleted.
Bam Margera deleted.
ashton kutcher deleted.
Not Tom Green deleted.
jamiekennedy deleted.
Hollywood Improv deleted.
Funny Bone deleted.
David Spade deleted.
Jeremy Piven deleted.
Jimmy Fallon deleted.
Ellen DeGeneres deleted.
Addison Improv deleted.
Dane Cook deleted.
Houston Improv deleted.
TheComedy&amp;MagicC deleted.
Jessica Simpson deleted.
jimmysmithtrain deleted.
Rogen deleted.
BackupMyTweets.com deleted.
Paris Pardo deleted.
Dianna Hummel deleted.
Johngoogle deleted.
Andy deleted.
Jeremy Krantz deleted.
Trollcats deleted.
Sienna Taylor deleted.
Joanna Dent deleted.
Martina Montano deleted.
Silky Swallow deleted.
kacey kaderly deleted.
AlabamaTeaParty.Net deleted.
Kristen Veal deleted.
Ella Strait deleted.
Alysha Starnes deleted.
Janae Brownell deleted.
Jimmy deleted.
Lacy Karr deleted.
WoukHerman deleted.
Elaine Nolen deleted.
Brenda BDSM deleted.
Carolina Tennant deleted.
Janell Garber deleted.
Jeff Emerson deleted.
Holly Hinds deleted.
Jayme Bishop deleted.
Madison Gannon deleted.
Mariam Sales deleted.
Tessa Reid deleted.
Sindy Spyder deleted.
Kelly M. Clark deleted.
Leann Trimble deleted.
Abigail Bobo deleted.
Kenisha Britt deleted.
Debt Solution Inc deleted.
MansonCharles deleted.
Nancy Nishihira deleted.
Feingold Russ  deleted.
E. Weiskott deleted.
Katrina Adair deleted.
Zoe Rhinehart deleted.
Joanne McHugh deleted.
Kaylin Leyva deleted.
Howlin' Hobbit deleted.
Lizette Battles deleted.
sefferPeter deleted.
Simpson, Homer deleted.
soveryMel deleted.
JD Rucker deleted.
David Rheinstrom deleted.
SvevoIsalo deleted.
Christian Cooper deleted.
Sam Alexander deleted.
Michael Sardes deleted.
A R I Prod © deleted.
Gimigo deleted.
Doug Carson deleted.
Marketbright deleted.
Luthue Rallz deleted.
Western White House deleted.
Bernard AZAM deleted.
Imran Anwar deleted.
The Flog deleted.
Adam Schultz deleted.
itoba deleted.
Gabriela Morillo deleted.
Stephan  deleted.
Bill Romanos Feed deleted.
Justy Ueki deleted.
OlamideMustapha deleted.
Abner deleted.
Line Tomter deleted.
Laura Torres deleted.
SportzNews deleted.
Abigail Loy deleted.
Darcy Villere deleted.
Krzysztof Urbański deleted.
Richard Randividual deleted.
ROJO 032 deleted.
Dr John Eaton deleted.
Jon B. deleted.
Liselotte Dullemond deleted.
Erik Loehfelm deleted.
Jamessunny deleted.
Sephari deleted.
Joel Constantine deleted.
Alex Pontois deleted.
Tim Kananen deleted.
Christian Seifried deleted.
Alan Rothstein deleted.
angelaml deleted.
herrhundberg deleted.
Alexis  deleted.
hadraoui deleted.
Python Programming deleted.
Austins Morning News deleted.
Torwil deleted.
Justin Marchert deleted.
Everett David  deleted.
Lee Smith deleted.
tomesomencoo deleted.
The Hecklor deleted.
Melvin James deleted.
Katrina deleted.
Nicholas Adams-Cohen deleted.
Chris Clarke deleted.
John Mayson deleted.
Gray Area Foundation deleted.
Got Happy? deleted.
Vera deleted.
Anil deleted.
Casey Newbegin deleted.
Lordith Rushfelt deleted.
Lorenzo Bustillos deleted.
Emily Dunsmore deleted.
André Góes deleted.
jetaimestephyy deleted.
James Maddison deleted.
ShabdrungTulkuCharan deleted.
Chris O'Leary deleted.
Skyler deleted.
Kevin Zeigler deleted.
Nik Andrew deleted.
stefan deleted.
nicole matos deleted.
Scott Stanton deleted.
robertgrevey deleted.
AJ Kay deleted.
Jim Graham deleted.
James Fowler deleted.
Aislinn Grace deleted.
marceloraimo deleted.
jonpickersgill deleted.
Jesse Shipley deleted.
iJobJob.com deleted.
Lauren Gunter deleted.
HomoEmo deleted.
Xavier Chaillot deleted.
Ivan Adriel deleted.
ApaixonadosporSéries deleted.
camille deleted.
Adam Davis deleted.
Han deleted.
Lara Raven Fischer deleted.
Jannis Walz deleted.
Bill Afthim deleted.
James Miller deleted.
Ola Iranloye deleted.
Priscila deleted.
roy sharpe deleted.
iamron deleted.
Robert Willington deleted.
rapoosa deleted.
Jonathan D. Gordon deleted.
Meg TheMistress deleted.
Katie Herbert deleted.
Stephanie Fulton deleted.
Chris deleted.
Julian deleted.
Chris Arnold deleted.
theboynton deleted.
hal smith deleted.
magnolia summer deleted.
Eric Sterry deleted.
david telford deleted.
Katy Hershberger deleted.
Eric Sterry deleted.
Melissa Carlson deleted.
David Habib deleted.
Ray Rizzler deleted.
George Olken deleted.
Hooey Batiks (jillm) deleted.
Jiří deleted.
Vicky Hennegan deleted.
Nathan M Farrugia deleted.
Lisa Skinner deleted.
Anita Maritz deleted.
aghreni deleted.
David Marlowe deleted.
Trichia J.Fille deleted.
Jopen Spill deleted.
david henry deleted.
Niall Kelly deleted.
Ellie Gardner deleted.
Nico van der Merwe deleted.
Marcel Hendriks deleted.
ROCHELLE RUE-DAVIES deleted.
Taylor Emerton deleted.
Thomas Jurdi deleted.
Lev Kaupas deleted.
David Mikula deleted.
Dr M deleted.
Brooks Dunn deleted.
shaus deleted.
Dean T. Barker deleted.
Sharell Bixler deleted.
Ken Krauss deleted.
Kid A(wesome) deleted.
Yudi Iswanto deleted.
pedersencato deleted.
Kathleen deleted.
Ed Park deleted.
Smybinn Mathews deleted.
misspid deleted.
Brian Beighley deleted.
tomstroh77 deleted.
adamatsya deleted.
justboughtit.com deleted.
Lucy Starling deleted.
david chan deleted.
Gina deleted.
jeffdurso deleted.
Callie Thurman deleted.
xARGG deleted.
Ian Hayward deleted.
Daniel Schreiber deleted.
Blain Walpole deleted.
ATLien deleted.
Tudor Totolici deleted.
Shanta Thake deleted.
kirk is deleted.
arthompson deleted.
D Carey deleted.
Richie Manis deleted.
heatherwetzler deleted.
E Hamlin deleted.
nono deleted.
Mitch Fournier deleted.
kurt bigenho deleted.
Meredith deleted.
Edeilson Sousa deleted.
Coralie Mercier deleted.
Eran Bugge deleted.
Benjamin Garrett deleted.
Caio Torres deleted.
Phil Trem deleted.
Piaras McCorry deleted.
Kevin Plaster deleted.
Mark deleted.
John Morrison deleted.
Sonny Ganguly deleted.
Erin McWalter deleted.
der_deppel deleted.
Travis Cisneros deleted.
Zara Pamboukhtchian deleted.
Rick Matthews deleted.
Matti Möll deleted.
Logan Swafford deleted.
Jem Banfield deleted.
Chris Patrick deleted.
Natrium Valproate deleted.
jessica m deleted.
Neil McDonald deleted.
TRU Alien deleted.
Eli Mock deleted.
Ilyse Brainin deleted.
Atle  deleted.
Ian Kallen deleted.
Molly deleted.
sethjenks deleted.
George Landgrabe deleted.
Cindy deleted.
Christopher deleted.
Igor Kolar deleted.
Bryan Rieger deleted.
scot adams deleted.
Brendan  Kelly deleted.
Yudi Iswanto deleted.
Kristin Rourke deleted.
Fredo and Pid'jin deleted.
Rich Kavanagh deleted.
Jason deleted.
Melissa Hayes deleted.
vamsi krishna b deleted.
dave abel deleted.
phpdeveloper deleted.
Mykro Kozm deleted.
D. Kandle deleted.
Emily Lorenze deleted.
s.g. deleted.
Ginger Taylor deleted.
norman dobson deleted.
Donna Green deleted.
claytonchancy deleted.
Aleksandra deleted.
Mr. Biggs deleted.
AFTER JUDGMENT  deleted.
Donald Verger deleted.
felicia deleted.
Rachel Booth deleted.
Amber F. deleted.
secret2fatloss deleted.
Travis Plummer deleted.
Gavin Paxton deleted.
Lauren Rudd deleted.
Thiago F. Rodrigues deleted.
Linda deleted.
Nathan Lemon deleted.
thestez deleted.
PETER  E  KARPOWICZ deleted.
Sean Bell deleted.
Terry E deleted.
Hannah Skilton deleted.
Milos Radovic deleted.
paul deleted.
Peter Min deleted.
John Henselmeier deleted.
Jason Mckee deleted.
Will deleted.
mac cos deleted.
Andersen Morse deleted.
Robert Rescot deleted.
ShawnBlanc deleted.
Nick Saber deleted.
Marcos Roberto Lopes deleted.
thatwesguy deleted.
Stephen Haptonstahl deleted.
Jassmin Morgan deleted.
Marina Han deleted.
Raj Sekharan deleted.
Marlene Kelly deleted.
Timo Gockel deleted.
Angeline Laing deleted.
lior breadly deleted.
Clare Ryan deleted.
Dana Vincent deleted.
nimrod zoaretz deleted.
Jennifer Hallworthy deleted.
Shad Petosky deleted.
rainbowgeek deleted.
M.M.Teoh deleted.
Tyler Kirk deleted.
Uncle Joe deleted.
Diana Batista deleted.
Playboy deleted.
John Bigolski deleted.
dimaz maulana deleted.
Michael Pierce deleted.
Juan Paulino deleted.
Alex Kunz deleted.
Aly Freecon deleted.
Kelly Gronli deleted.
brasil deleted.
nickwilk deleted.
Bridget Weizer deleted.
Raoul Rubio deleted.
Carna Brown-Kamba deleted.
Ed Darcy deleted.
JRadimus deleted.
Nicole Lucas deleted.
Darren Walker deleted.
Kristina Allen deleted.
Yetused deleted.
Caleb Kesler deleted.
Tom Becket deleted.
Lani Vento deleted.
Melinda deleted.
jessica chong deleted.
Jeff Berg deleted.
Mark Lovett deleted.
Brian O'Connor deleted.
Casey Vise deleted.
Nefersif deleted.
Ivan Trajkovic deleted.
Andrew Chance deleted.
Cindyg deleted.
Suzanne deleted.
Célio Becker deleted.
Daniel Zilber deleted.
Jordan Wallace deleted.
Suzanne Marije deleted.
Jeremy Dunning deleted.
Cindy Funkhouser deleted.
Dr Lyons deleted.
Dee deleted.
Kieran Fulcher deleted.
Simon Griffith deleted.
Yougesh Sayrange deleted.
Breanne Opitz deleted.
Melinda Bunker deleted.
Brian Lajik deleted.
not that fly deleted.
Roynel Flores deleted.
Lisa Marie deleted.
Valerie May  deleted.
Ed Araquel deleted.
Benn Eller deleted.
Mike Pond deleted.
Elizabeth deleted.
James Alcorn deleted.
Jake Stein deleted.
Daniel Johnson deleted.
Scott Cannon deleted.
Jake Fudge deleted.
Jesse deleted.
Tiffany Floyd deleted.
Jay Barnica deleted.
Harmonik Rage deleted.
Sam Conniff deleted.
Brian Jagodnik deleted.
Bokrin.com deleted.
Venessa Nolan deleted.
lorissa mendoza deleted.
The Burn-Notice deleted.
Andi Bob deleted.
photoinduced deleted.
Caitlin Hawes deleted.
Las Vegas Escorts deleted.
zanfernandes deleted.
Services deleted.
AJ Cupcake deleted.
Jamile Maria deleted.
darrin atkins deleted.
Andressa Vannucci deleted.
Leon Roy deleted.
Alfred Wang deleted.
Ruben Ooms deleted.
Nancy deleted.
Ambjörn Snickars deleted.
JCC deleted.
Technology Updates deleted.
zoe chen deleted.
Kyle Forrest deleted.
ArianeKhachatourians deleted.
PathsMeet.com dating deleted.
Fdbk T-Shirts deleted.
Alexis Lenae Milburn deleted.
crystal fambrini deleted.
Jennie Saxena deleted.
Andy Bateman deleted.
Jesus Beans deleted.
bcass22 deleted.
Dave Mercer deleted.
tweet bird deleted.
Frank Blanchard deleted.
austin deleted.
Anthony La Russo deleted.
craig burr deleted.
Rick deleted.
Amy Morris deleted.
Dusty Overby deleted.
Hierodn. Panteleimon deleted.
Andy Bewernick deleted.
britanypracchia deleted.
Erin Black deleted.
Darren Sanefski deleted.
Macau Gambling deleted.
Gotham Tickets deleted.
Nathan Smith deleted.
Ray Cornwall deleted.
jim beam deleted.
Ian deleted.
andi maddaremmeng deleted.
Bengt Brown deleted.
Russ Moore deleted.
j deleted.
MRVREEKEN deleted.
Mark Royer deleted.
Erika Vidmar deleted.
Johnoscar Villa deleted.
Sarah ☼ deleted.
Michael Vermaak deleted.
Reuben Nicholas deleted.
Tommy McNamara deleted.
charlie deets deleted.
NotQuiteJay deleted.
Geoff deleted.
Radulescu Nicoleta deleted.
Sabrina Lee. deleted.
aaron tersteeg deleted.
Caroline P deleted.
Daniel Feldman deleted.
Eddie Bonuchi deleted.
.Ray.Ray deleted.
Danger Dinosaur deleted.
Latin Jazz Mecca deleted.
James deleted.
Jason Wagner deleted.
Bret Rowe deleted.
Quantum Coders deleted.
Jonathan Lipman deleted.
Lucas Alcoléa Naza deleted.
Anna Cincera deleted.
Rachid Molinary deleted.
Krishen Kota deleted.
Brian Anderson deleted.
Joshua Fultz deleted.
Jacob Henderson deleted.
Chase Wilson deleted.
LATONYA BURNETT deleted.
Desiree Born deleted.
oknast deleted.
Kevin Lloyd deleted.
carrie arnold deleted.
Tim Ferraris deleted.
Margherita P. Krug deleted.
Damian Petrini deleted.
Erin Griffiths deleted.
Adrian Bornea deleted.
Sanjay deleted.
David Balluff deleted.
Doug Bowman deleted.
David Trent deleted.
Ernesto Gonzalez deleted.
Mahogany Piersoll deleted.
DY357LX deleted.
Hadi deleted.
Mihir Buch deleted.
Jake deleted.
Heidi Schawel deleted.
Simon Bognø deleted.
Nick Palmer deleted.
 Renato Tavares  deleted.
Dr. Alan Kilpatrick deleted.
Katie Monte deleted.
Paul Spenard deleted.
Bradley Griffin deleted.
ANGELINA MONTEIRO deleted.
David Frey deleted.
Ety deleted.
Tim Snadden deleted.
Lynn Higgin deleted.
Kunle Daramola deleted.
tinaferan deleted.
jueyrose42 deleted.
KevinWolfring deleted.
David Altizer deleted.
Ciaran Blumenfeld deleted.
Keegan Blackler deleted.
Jeffrey D. Hyatt deleted.
Sue Knight  deleted.
Tracy Jenkins Goold deleted.
Adam Vincent Gilmer deleted.
Greg Isenberg deleted.
Hannah Arendt deleted.
Robert Cook deleted.
