Running...
Running...
LIFE.com deleted.
trazzler.com deleted.
cakewrecks deleted.
Sarah Brown deleted.
Steven Johnson deleted.
Fantástico deleted.
colin meloy deleted.
Om Malik deleted.
DaveJMatthews deleted.
richard bacon deleted.
Jerry Brown deleted.
BNO News deleted.
Cory Booker deleted.
Alison deleted.
ROC4LIFE deleted.
Kim Kardashian deleted.
John Dickerson deleted.
Zappos.com CEO -Tony deleted.
MC Thumbtack deleted.
Digg 2000 deleted.
bdoughty deleted.
Hoon Park deleted.
jamie palmer deleted.
Damon Clinkscales deleted.
IRGeek deleted.
Scott Brown deleted.
beckman08 deleted.
Victor Moyers deleted.
Austin On Rails deleted.
