Running...
Running...
garygoldstein03 deleted.
Elise deleted.
Alexander Mitich deleted.
Marifer Rodriguez deleted.
Linda Thieman deleted.
MaryBeauregard deleted.
Running...
Monikah Ogando deleted.
Matthew deleted.
ron569 deleted.
dawn parker deleted.
She Just Got Married deleted.
kwangware deleted.
Bryan Casteel deleted.
Asher Aw deleted.
Dave Katz deleted.
Chris Perrin deleted.
Andy P. Miller deleted.
Stephen Bennett deleted.
PeterWaynePhoto deleted.
Paul Donovan deleted.
Simon Gelfand deleted.
Claudia Smith deleted.
Mohit Agarwal deleted.
IzhamZakaria deleted.
marzwanz69 deleted.
DebiTalbert deleted.
Anna Sabino deleted.
kellyifrah deleted.
M_Surakat deleted.
rballart deleted.
coryc1000 deleted.
KimberleyW deleted.
Mical Johnson deleted.
CarltonJohnson deleted.
JanePorricelli deleted.
strickmanripps deleted.
Lloyd Lemons deleted.
The Teaologist deleted.
Scott Lowe  deleted.
Avalier deleted.
lauraackerman deleted.
Tom Nicoli deleted.
Kristi Lane deleted.
SmBizGuru deleted.
maxviskov deleted.
JeffDameron deleted.
pattiseipp deleted.
John Hawes deleted.
Bailey Connor  deleted.
Jan Nichols deleted.
Martin Bellinger deleted.
Matt Massengale deleted.
Yasir Khan deleted.
Garry Nelson deleted.
John Hrastar deleted.
cuteartworld deleted.
Christine Arylo deleted.
CincyChic deleted.
GO211 deleted.
Stavros Georgiadis deleted.
MrBobNelson deleted.
Tyler Duncan deleted.
VickiMoore deleted.
BradyIrvine deleted.
JayWilsonJr deleted.
MyDiningSpot.com deleted.
Pina Haller deleted.
Justin Sanders deleted.
DustyWright deleted.
A Mitchell deleted.
Jodie deleted.
Warren Wojnowski deleted.
Kimberly Lancaster deleted.
schinski deleted.
Catherine M. Merritt deleted.
Maria Spadaccini deleted.
PamGarnerMoore deleted.
Charlon Hibbard deleted.
RubyGarner deleted.
PegJanssen deleted.
 C.C. Chapman deleted.
mikeshawjamaica deleted.
Andrew Dean deleted.
Mariel Shaw deleted.
Gus Rojo deleted.
rrcowden deleted.
 Todd Van Hoosear deleted.
Michele Moore deleted.
Nic Mitchell deleted.
Rachel Lepold deleted.
Kathy Sena deleted.
Daniel Knox deleted.
Pascal Bouvier deleted.
amdew2 deleted.
Lauren Vargas deleted.
Mary Gallagher deleted.
orinw deleted.
Jesper Laugesen deleted.
Jesse Page deleted.
Shauna Nicholson deleted.
Renee Alexopoulos deleted.
DanReinhold deleted.
Robert W. Hughes deleted.
Phillip Horvath deleted.
CarrieDanielle deleted.
sandra fathi deleted.
bargaintravel deleted.
jayateas deleted.
ICONWW deleted.
destinetics deleted.
sarita33 deleted.
kungfupandaking deleted.
peg_g deleted.
dheeruyadav deleted.
Angie A Swartz deleted.
Jamey Madonna deleted.
lacreshahayes deleted.
Peter Gillberg deleted.
Laurie Mapp deleted.
Aloycia Woods deleted.
corvijurling deleted.
Joel Bomane deleted.
Audrey_Arthur deleted.
Stacey A. deleted.
Caitlin Madden deleted.
Andrew Milburn deleted.
cranecreek deleted.
cwandless deleted.
Molly Demmer deleted.
MomsRising deleted.
Rico deleted.
Mark Parshall deleted.
Heidi Harner Morrill deleted.
SandraMartini deleted.
Chestin Salisbury deleted.
Angela deleted.
debtreliefhelp deleted.
Kristi S deleted.
Matt Domerofski deleted.
Stacy Brice deleted.
Sam Chan deleted.
Anne Brennan deleted.
Winnie Ko deleted.
Kara Hoisington deleted.
Bruce Wyman deleted.
Jessica Evans deleted.
tory klaubo deleted.
Steve Mitchell deleted.
BeverlyJean deleted.
Robert Fraser RN(c) deleted.
Jackie Silver deleted.
scottrh deleted.
Jo White deleted.
jessflynn deleted.
howardrourke deleted.
pgerding deleted.
Jassen Bowman deleted.
Reid Travis deleted.
CT_ParalegalVA deleted.
Sarah Gjestvang deleted.
Michael Lehman deleted.
Grant Mead  deleted.
jefffaldalen deleted.
Angelito Felix deleted.
HappyHourBoston deleted.
nelltaliercio deleted.
joycef1 deleted.
Denise Aube deleted.
Kee Kennedy deleted.
Marta Kagan deleted.
Inside Redbox deleted.
Barry Geipel deleted.
Ben Pippenger deleted.
click4dwilson deleted.
amoldalvi deleted.
Brian Brown deleted.
Rogue Ales deleted.
Mr Messina deleted.
Brian Solis deleted.
Hugh MacLeod deleted.
Kellye Crane deleted.
fmorgano deleted.
Bam Azizi deleted.
Dana deleted.
Theresa Farmer deleted.
A-Sun Truth  deleted.
marktron deleted.
Ren Jinshen Ryu deleted.
dpbtwo (DanielBates) deleted.
tripixposters deleted.
Campaign2008 deleted.
swendnerphoto deleted.
JohnMcCain2008 deleted.
rickbruner deleted.
henry copeland deleted.
MickyA deleted.
William Sullivan deleted.
Shawn Collins deleted.
Rob Mack deleted.
fivedollarwiki deleted.
UTeezSF deleted.
FoundREAD deleted.
AlfredJones deleted.
stephanie s deleted.
Public Hikkups deleted.
Jonathan Greene deleted.
cam G deleted.
Trendio M deleted.
rb deleted.
Daniel deleted.
Charles Hamilton deleted.
Josh Janicek deleted.
Bill Rice deleted.
Mathew Spolin deleted.
sfgirl deleted.
Yolanda deleted.
Shey Smith deleted.
choyberg deleted.
Svilen Ivanov deleted.
sarahmei deleted.
gazz deleted.
dana dowell deleted.
Alan Kack deleted.
GoAbroad.com deleted.
ronboid deleted.
Peter Chee deleted.
Jeff Aceves deleted.
fatmatrix deleted.
bethanycat deleted.
Scott Mattoon deleted.
csmcmillan deleted.
Richard Ault deleted.
shinya ishino deleted.
Odenized deleted.
Teri Gardella deleted.
aperte deleted.
Brian McNitt deleted.
rachella deleted.
James Welcher deleted.
Greg Dewar deleted.
smstearman deleted.
NancyPSF deleted.
Case Larsen deleted.
AMOG deleted.
Stephen Murray deleted.
Mary and Martin deleted.
jimgreen deleted.
Erlend Debast deleted.
jan boden deleted.
TheWordBroker deleted.
Pam Bertrand deleted.
Jenna D. Rutschman deleted.
Dave Frankland deleted.
BlogBoat 1.0 deleted.
Futurelab Belgium deleted.
Ntone deleted.
Huwart deleted.
dorien deleted.
pekesenertjes deleted.
jeroenbijnens deleted.
tanguy_mergnac deleted.
Paul Taylor deleted.
fast3rnews deleted.
Imke Dielen deleted.
Diigo  deleted.
SSiegfried deleted.
nathanhull deleted.
AraneaDarling deleted.
dietervanesch deleted.
Orgalime deleted.
houbi deleted.
redschadler deleted.
blackcloset deleted.
jérémy dumont deleted.
LuisEdu deleted.
j00n deleted.
Mindjet  deleted.
B2B_MarketingPR deleted.
Philippe Schaillée deleted.
Harry☮Lyme deleted.
JimboWalesRant deleted.
emilydy deleted.
Muhammad Riduan deleted.
Rob van Alphen deleted.
jeremy_stamper deleted.
Mira Ahles deleted.
ActionsTalk deleted.
Johan Martin deleted.
robmills deleted.
lauragatning deleted.
adamsherk deleted.
Roel deleted.
Jonathan MacDonald deleted.
Ryan Anderson deleted.
SuziCraig deleted.
mk4media deleted.
Patou Nuytemans deleted.
Toon Vanagt deleted.
Ilse Schache deleted.
Christian Nussbaumer deleted.
ChristineMeekerLange deleted.
gijsbregt brouwer deleted.
akshay krishnaiah deleted.
Herb Jones deleted.
Avery Tingle deleted.
Walt deleted.
olafgeleyn deleted.
cellalert deleted.
Everjean deleted.
meprieb deleted.
Michael Finazzo deleted.
Kerri Bennett deleted.
1000000 Followed deleted.
tim_whirledge deleted.
Culture-Buzz.com deleted.
Dan Rua deleted.
Lucas_Wyrsch deleted.
inga deleted.
Sniki deleted.
stinusg deleted.
lukehardiman deleted.
Anja Cappelle deleted.
admaxer deleted.
salim6699 deleted.
Susan Baroncini-Moe deleted.
OneWebDay deleted.
what dog breed deleted.
Jason Bogovich deleted.
Tyler Reed deleted.
Ronald Yau deleted.
gfox deleted.
stefan vandegehuchte deleted.
bizwriter deleted.
guerwan deleted.
osmosis deleted.
Beerqueen deleted.
Virality deleted.
MarkRoth deleted.
Tom De Bruyne deleted.
HashOut deleted.
Inferis deleted.
Chaitanya Sagar deleted.
typepadhacks deleted.
Jan deleted.
mystery1 deleted.
rickjulian deleted.
slick_fukunaga deleted.
davywavy deleted.
David Mitchell deleted.
TechTaxi deleted.
Betsy Weber deleted.
Andhi deleted.
Lode Vanhove deleted.
David Armano deleted.
Château Brys deleted.
Frank Sauce deleted.
erikn1972 deleted.
Bert Van Wassenhove deleted.
Evan Courtney deleted.
cnySrettiwT deleted.
bwards LIVE! deleted.
JohnMcCain43 deleted.
spamtaglines deleted.
Miel Van Opstal deleted.
Tijs Vrolix deleted.
hrkendo deleted.
Percept  deleted.
Maarten Schenk deleted.
Harald Dumoulin deleted.
Tom deleted.
Luc Van Braekel deleted.
Kris Hoet deleted.
Samuel Dion deleted.
Wonderfulkittys deleted.
Rabatel deleted.
Alan Wallace deleted.
Jérôme Charron deleted.
aurélie sauthier deleted.
Hugh, Steph, Suw, +  deleted.
kindo deleted.
nicolask7 deleted.
Biz Book-Mitch Joel deleted.
Bert Mahoney deleted.
Armando Alves deleted.
Toast Studio deleted.
Mathieu Bélanger deleted.
Martin Labelle deleted.
iGrandma deleted.
te Koppele deleted.
robwhisonant deleted.
Project4Hire.com deleted.
Jean-luc henry deleted.
Joe Davison deleted.
Hugh McGuire deleted.
ericbaillargeon deleted.
Tree Dedication deleted.
David Haywood Smith deleted.
newsification deleted.
JeffWoelker deleted.
Peter Flaschner deleted.
Hugh Weber deleted.
Adam Levenson deleted.
Momento Photoworks deleted.
Sandy Gibson deleted.
Kevin Dugan deleted.
RobLane deleted.
Jfavreau deleted.
andrebelanger deleted.
Colleen Connery deleted.
Margaret deleted.
Jackie Ng deleted.
Jill/CoolPhotoIdeas deleted.
bjorg deleted.
MindTouch, Inc deleted.
phpjack deleted.
Michael Johnson deleted.
Albert Dang-Vu deleted.
Amanda Maurer deleted.
Wine Pleasures deleted.
Richard R deleted.
Ryan Leisure deleted.
Gabriel Rodrigue deleted.
John Henry III deleted.
TheMacroTrader deleted.
James Paden deleted.
TampaComputer deleted.
ZeroDash1 deleted.
yayoibit deleted.
BorNeo_footage deleted.
Brad Ford deleted.
Martin Jones deleted.
Droideo deleted.
Tony Mayo deleted.
RochelleHazel deleted.
BestCoastIns deleted.
ALSofGNY deleted.
Rusty Keller deleted.
liz guthridge deleted.
Eric L. Clark deleted.
Chris Barraud deleted.
kfarrar deleted.
Burcu Tüzün deleted.
lisaca deleted.
Julie Craft deleted.
Miranda Phelps deleted.
Russ Thornton deleted.
TwitHeads deleted.
Elana Findlow deleted.
daveguindon deleted.
pascalvdbossche deleted.
Susan Burns deleted.
letesteur deleted.
Jason Bradford deleted.
Peter Trast deleted.
mike dopp deleted.
leslietjackson deleted.
Dan Abdinoor deleted.
C_Unplugged deleted.
Preston Lewis deleted.
George Gastis deleted.
tflo deleted.
Steve Isaacs deleted.
Stempniaked deleted.
Martine Gingras deleted.
Tracey Halvorsen deleted.
Melissa Robison deleted.
ECava deleted.
Russell Tayler deleted.
ISL deleted.
Alister Cameron deleted.
Grande Macchiato Me deleted.
ChuckWoo deleted.
Shane Eubanks deleted.
DavisLorson deleted.
Danyel Newcom deleted.
Richard Neary deleted.
Earl Gray deleted.
lauren_kiss deleted.
Boston Phoenix deleted.
Indiana Tourism deleted.
Tyler Hayes deleted.
Nicki Laycoax deleted.
Paul Farnell deleted.
The Onion deleted.
Alex Lewer deleted.
Brance Tyler Poling deleted.
Travis Wright deleted.
Meghan deleted.
Lester Hein deleted.
Andrew Beeston deleted.
Doug Rowe deleted.
Daniel McFarland deleted.
blonderunner deleted.
Jon Norris deleted.
Donna Donohue deleted.
Carl Blais deleted.
Craig Killick deleted.
Ronald Bien deleted.
steveyastrow deleted.
dboudreau deleted.
JeanAymeri deleted.
Clint Watson deleted.
Nicolas Roberge deleted.
wilmaville_x deleted.
Collin Schaafsma deleted.
fatheaddesign deleted.
Marc-André Lanciault deleted.
Janak Mehta deleted.
Antoine deleted.
Buzzz.tv deleted.
Philip Boumansour deleted.
Michael Hansen deleted.
James Wei deleted.
Joel Perras deleted.
Plank Multimedia deleted.
John Philip Green deleted.
Marc-André Cournoyer deleted.
4DZSocietiez deleted.
Patrick Lauzon deleted.
Kotsego deleted.
Jean-Baptiste deleted.
Alain Theriault deleted.
slestage deleted.
SmartmanDaily deleted.
Zelaurent deleted.
Jonas Brandon deleted.
TanMcG deleted.
Colin Surprenant deleted.
Scott Annan deleted.
Saul Colt deleted.
Laurent LaSalle deleted.
Vincent Guyaux deleted.
Simon Law deleted.
Yves Williams deleted.
Jerome Paradis deleted.
Sebastien Provencher deleted.
jumpbox deleted.
Seantiner deleted.
supraelastic deleted.
nitinahuja deleted.
Mark MacLeod deleted.
zzzop deleted.
heri deleted.
Montreal Tech Watch deleted.
Adrian Nadeau deleted.
Graeme deleted.
A K M Mokaddim deleted.
Bobby Shahzad deleted.
Marc Goldman deleted.
Artie B. deleted.
AmedHazel deleted.
contraversy09 deleted.
Ben Clemons deleted.
Stephan Noack deleted.
e_Chantal deleted.
RiversCorbett deleted.
Running...
Jon W. Anderson deleted.
Alan R. Bechtold deleted.
arslan2008 deleted.
Harris Fellman deleted.
jessalltogether deleted.
Julie Cantu deleted.
Josyan McGregor deleted.
Amy McClave deleted.
Tammy Mimms Durham deleted.
JJ Lassberg deleted.
Debbie T. Lawrence deleted.
Richie Escovedo deleted.
akellis deleted.
Jason Huck deleted.
Emily Witt deleted.
Birgit Pauli-Haack deleted.
Kelly Elizondo deleted.
Ron deleted.
Rebecca Pacheco deleted.
Mitch Canton deleted.
CorePower Yoga deleted.
aliza sherman deleted.
Chris Aucutt deleted.
Manny Hernandez deleted.
chitragupta deleted.
Olivier Missir deleted.
Mry deleted.
julian kimmings deleted.
Sharad Poddar deleted.
Patti Spencer deleted.
Chef Patrick deleted.
Lorraine Ball deleted.
Jeff Selph deleted.
Nate Meyer deleted.
Leah Dossey deleted.
EwanRobb81 deleted.
fbpda deleted.
greenbeandreams deleted.
laurasingleton deleted.
Stacy deleted.
Brad Clark deleted.
Ijustfinished deleted.
JanineGregor deleted.
Matt Rockoff deleted.
Ashley Mikulik deleted.
anthonyloftis deleted.
marcmoss deleted.
womentality deleted.
daniel fox deleted.
GonzaloMagagna deleted.
andreamerida deleted.
Anthony Burno deleted.
Doug Petch deleted.
r_madrid deleted.
First Stage deleted.
Calvin Gilbert deleted.
chrispowell deleted.
Cortland Coleman deleted.
Shari Sultana deleted.
Annika Pfluger deleted.
Cheryl Smith deleted.
Sahara Damore deleted.
Kevin Watson deleted.
jeffstanislow-MotorC deleted.
katydiddy deleted.
boldlychicbride deleted.
sj deleted.
hippostoes deleted.
morganarae deleted.
Judd L. deleted.
Gregg Scott deleted.
Geof Bowie deleted.
okiana deleted.
KathyFriend deleted.
Sheila Siffermann deleted.
Marie Tucker deleted.
CallCenterEvent deleted.
KuTiTaP deleted.
Kristen Beireis deleted.
Rhonda Brown deleted.
cappysue deleted.
bevbarnett deleted.
Jeff spiderz deleted.
Renee Crabtree deleted.
Kathy Strukel deleted.
Kristin Ausk deleted.
David Yaskulka deleted.
digitalhoosier deleted.
Myrlene Hoyte deleted.
Dana Fortier deleted.
oopdoo deleted.
Amy Naluai deleted.
Chuck Westbrook deleted.
cmartell deleted.
Shannon deleted.
Heather Mosley deleted.
Christine Major deleted.
Zen Cupcake deleted.
katieblando deleted.
Venntive deleted.
olivierlex deleted.
sheri13 deleted.
Theresa White deleted.
Shawn Chrystopher deleted.
kgadberry deleted.
Matt Sibenik deleted.
Stefano Muti deleted.
Andrew Thomson deleted.
Tux-planet (Linux) deleted.
Justin Perlman deleted.
th13rteen deleted.
AhTim deleted.
Walt Mossberg deleted.
edyson deleted.
WakuWaku deleted.
Henry Jorge deleted.
Thu-An Bui deleted.
freakonomics deleted.
Michelle Czernin von deleted.
David Weinberger deleted.
Aubrey Sabala deleted.
Dave Winer deleted.
Alex Payne deleted.
hotdogsladies deleted.
susanmernit deleted.
Macworld deleted.
CNN.com deleted.
Jeff Clavier deleted.
HuffingtonPost.com deleted.
CNET News.com deleted.
Dog &amp; Pony deleted.
ToddGilmore deleted.
Lance Armstrong deleted.
TechGlance deleted.
Nectar deleted.
LaunchWeek deleted.
Nick Douglas deleted.
davidweiner deleted.
JOHNABYRNE deleted.
Running...
The New York Times deleted.
Eastwick Communicati deleted.
Carla Thompson deleted.
NetMargin deleted.
ConversationAge deleted.
Matt Dickman deleted.
Howard Owens deleted.
Lacy Kemp deleted.
CenterNetworks deleted.
Josh Bernoff deleted.
Steve Woodruff deleted.
Marty Wetherall deleted.
Om Malik deleted.
Philip Kaplan deleted.
Evan Williams deleted.
wldaily deleted.
Biz Stone deleted.
Mobile Me News deleted.
Connie Reece deleted.
Bryan Person deleted.
Vanessa DiMauro deleted.
Shane Tobin deleted.
amir nazemi deleted.
Sarah Milam deleted.
MacRumorsLive deleted.
ThaddeusGunn deleted.
Auren Hoffman deleted.
barak_obama deleted.
Christopher Locke deleted.
Rafe Needleman deleted.
Doc Searls deleted.
Kara Peterson deleted.
maverickmoney deleted.
jryskowski deleted.
karenshealthspt deleted.
IBookersGuide deleted.
twaikuhaiku deleted.
deblynne94 deleted.
SunshineKim deleted.
cpapimp deleted.
Brandon deleted.
HIV_Campground deleted.
Stefan deleted.
tophomeloan deleted.
Sexy_3T deleted.
AuGieDawG deleted.
dailydomains deleted.
ProsperwithDNB deleted.
Holly deleted.
John Kiker deleted.
puromarketing deleted.
Lynn Bo deleted.
Carlton Riddick deleted.
Scott Maentz deleted.
George Stark deleted.
Carlos Xuma deleted.
Isatruc deleted.
john_cole deleted.
Janet Cooper deleted.
TiffanyPR deleted.
Matias Cavallin deleted.
Tom Williams deleted.
Teresa Morisco deleted.
Dove deleted.
Michael Calienes deleted.
Frank Fay deleted.
Sarah Fazendin deleted.
A_ChannelTV deleted.
Debra Plunkett deleted.
Pamela Weiss deleted.
iVolunteer deleted.
andreamoore deleted.
RachelJayne deleted.
lesthuet deleted.
Beth LaMie deleted.
KT McNamara deleted.
Kristy Lash DelMuto deleted.
HeatherMariePhilipp deleted.
Alexson Kane deleted.
Jennifer McQuiston deleted.
Missy Hurley deleted.
Lauren Eisele deleted.
KatherineB deleted.
Elliot at Boomerang deleted.
leighgrace deleted.
temms33 deleted.
SusannahBG deleted.
Adriana Velez deleted.
DGoodrich deleted.
Christine Pietryla deleted.
ingarundquist deleted.
Rachel Z. Cornell deleted.
Janene J deleted.
Colleen Campbell deleted.
Alysia deleted.
allenmireles deleted.
Alyssa G. deleted.
mindbling deleted.
Career Break Expert deleted.
WinWinDivorce deleted.
Brian Guice deleted.
Cheryl McLaughlin deleted.
Mark Montalbano deleted.
Simone deleted.
Dan Diamond, MD deleted.
Michael Johns deleted.
Melisa Rodriguez deleted.
Melissa H. deleted.
andrewsimon deleted.
Lisa Cruz deleted.
Erika Dickstein deleted.
rhalee deleted.
Bob Finch deleted.
PaulMyers deleted.
Jamie Marcellus deleted.
Allison Bedard deleted.
Michela Mangiaracina deleted.
katieeakins deleted.
Remi_Fagbohun deleted.
nikki8knitter deleted.
vawalsh deleted.
llcampbell deleted.
dorynsdish deleted.
barbarafeldman deleted.
bryan elliott deleted.
Agatha Kubalski deleted.
sarahshah deleted.
MaryDanielsen deleted.
Brian Kurth deleted.
Katie Hasse deleted.
poloskey deleted.
ryban1001 deleted.
susanepstein deleted.
AMertzman deleted.
Amy Linert deleted.
MaddieM deleted.
phatbroker deleted.
marlomarketing deleted.
Eric G. deleted.
Stephanie deleted.
damionmartin deleted.
Axiom PR deleted.
themotionsick deleted.
H Khan deleted.
Jean Terranova deleted.
Emily Harrison deleted.
dbpluss deleted.
blockgreg deleted.
guhmshoo deleted.
Eric Davis deleted.
Meghan deleted.
Geoff Buteau deleted.
Laura Pexton deleted.
jessicaneuman1 deleted.
Craig Schmalz deleted.
katie_burns deleted.
Jonnie Allan deleted.
ipdemarketing deleted.
Kevin Hinkston deleted.
lisamcope deleted.
Debbie Benstein deleted.
kellyaraneda deleted.
Clark Agnew deleted.
Shana Webb deleted.
reedfloren deleted.
Rob Shore deleted.
DavidSpears deleted.
kelkelly deleted.
finesse7 deleted.
Jerrold Foutz deleted.
Derek Epperson deleted.
Scott Gentzen deleted.
Lee Sweet deleted.
Juli Korneychuk deleted.
r4biz deleted.
IanStuart deleted.
Bob Diamond deleted.
Gyutae Park deleted.
Tom Buford deleted.
Lynn Blazyk deleted.
Paul Orion deleted.
IM_pro deleted.
Niteen Bhat deleted.
Brian McLeod deleted.
Gabe Wachob deleted.
newmediahire deleted.
The Daily Joke deleted.
Vicki Zerbee deleted.
Jake Ludington deleted.
Alexander G.R.E.A.T. deleted.
Mary Wilhite deleted.
DavidSandusky deleted.
AdvantageVA deleted.
JillKoenig deleted.
cory boatright deleted.
Caleb Jennings deleted.
Mica May deleted.
wayne_crews deleted.
trishjones deleted.
alcherl rivera deleted.
Stephanie deleted.
Tom Vilot deleted.
citylinks deleted.
Kristine McKinley deleted.
Frank Wible deleted.
nwaozuzu deleted.
Cristian Vasilescu deleted.
Sandy Hall deleted.
StephenMduffy deleted.
Stephen Duffy deleted.
Matt Hellstrom deleted.
fitpregnancy deleted.
Suzy Carpenter deleted.
ReferralGuru deleted.
Chris O'Brien deleted.
Judy Schaefer deleted.
jally4444 deleted.
gawhatexit deleted.
Jeff Sargent deleted.
theresabaiocco deleted.
mktgpro deleted.
Kyle Graham deleted.
steven deleted.
CalamityJen deleted.
maddenmoose deleted.
ToddFerrisMosby deleted.
Tom Mosman deleted.
Allen Williams deleted.
Elz deleted.
Jason Williamson deleted.
Anthony Arnasalam deleted.
TxTeen deleted.
Jessica Whitmore deleted.
Deborah Marsden deleted.
juliadalton deleted.
ZeeArtiste deleted.
kevin thomas deleted.
Bryan Bliss deleted.
elira67 deleted.
bangkok deleted.
Terri Stallcop deleted.
fvargas deleted.
Russ Nelson deleted.
PalmiraMannings deleted.
billybarrett deleted.
Joseph Martin deleted.
Regina Floyd deleted.
webnoize deleted.
decidetoberich deleted.
Denise Griffitts deleted.
Chris_Edwards deleted.
LisaHanfileti deleted.
Franklin Bishop deleted.
David Allinson deleted.
JeanieCallen deleted.
Penny Dude deleted.
ecobella deleted.
Donald Rich deleted.
Jobler deleted.
Mike Sweeney deleted.
Jason Smith deleted.
taniawilder deleted.
NaiveLondonGirl deleted.
edhan deleted.
itsFranco deleted.
lvonherrmann deleted.
amkroll deleted.
Ronak Shah deleted.
Seamus deleted.
jwcorbett deleted.
seoipro deleted.
Justin Foster deleted.
jeffreyscott deleted.
Tony Cohn deleted.
ThinkHost deleted.
Dee Dee Cocheta deleted.
TONERAPS deleted.
blu deleted.
john2016 deleted.
Trilochan Bhattachar deleted.
Shamir Ramjan deleted.
LouJordanAsElvis deleted.
RealtorsinMemphis deleted.
jordilardin deleted.
Adam Benayoun deleted.
jake_buehler deleted.
Andrew McMahon deleted.
CharlesGraham deleted.
JasonBlairMBA deleted.
Honeylee deleted.
Eric Su deleted.
emailswipefile deleted.
DiyanaAlcheva deleted.
Amy Jewell deleted.
jnapier deleted.
jon camfield deleted.
Brad Lindsay deleted.
judge2b deleted.
Dave Witzel deleted.
RogerV iSignature.cm deleted.
Vivaty deleted.
just jess deleted.
ProjectAwake deleted.
Javaid Kauser deleted.
Bunny Sjogren deleted.
heidiwalter deleted.
AA Political Pundit deleted.
Marc Rochman deleted.
TheMagicHappens deleted.
Justin Brooke deleted.
Jody DeVere deleted.
David Jackson deleted.
Frank Bolton deleted.
John Clark deleted.
Simone Brummelhuis deleted.
Susan Reynolds deleted.
David Budlong deleted.
dan tynan deleted.
Danielle Hannigan deleted.
Beth deleted.
Jim Bruce deleted.
Adam Greivell deleted.
terenceyang deleted.
P. F. Anderson deleted.
Jeff Czyzewski deleted.
KeithBurtis deleted.
WAHM Brenda deleted.
Cindi AKA Epona'Bri  deleted.
Inetpower deleted.
Howard Borges deleted.
Jakira Torres deleted.
NicheEmpireClub deleted.
Kat Mccarthy deleted.
Ziva Hart deleted.
AnneRivera deleted.
foodzie deleted.
Glen McNiel deleted.
sobegirl deleted.
debramorrison deleted.
Alex Sicre deleted.
AmandaRisi deleted.
Msfinancialsavvy deleted.
Amy Miyamoto deleted.
Ann Rusnak deleted.
Troy Gregory deleted.
Trey Pennington deleted.
Cathy Stucker deleted.
Cossondra George deleted.
socialpromotion deleted.
Roy Fielding deleted.
Adam Urbanski deleted.
Jayne deleted.
Bernie Goldbach deleted.
content4u deleted.
Md Shaffir Daus deleted.
Chris Hebert deleted.
Julie Isaac deleted.
John Bonner deleted.
lea beth oxenhandler deleted.
American Future Fund deleted.
Lynn Terry deleted.
annharrell deleted.
BrianSimpson.name deleted.
Bryan deleted.
Deb Gallardo deleted.
TUBEdotTV deleted.
bgreen deleted.
Richard Grote deleted.
Shannon M Davis deleted.
Tim Robinson deleted.
Cheryl_Antier deleted.
jeffcadwell deleted.
Mike Wasylik deleted.
James Thoenes deleted.
Scott Murray deleted.
victormedina deleted.
Warren Whitlock deleted.
Andrea Yager deleted.
Dave Westfall deleted.
VicPodcaster deleted.
Mary McDonald deleted.
Mike O'Neil deleted.
Kathy Stenberg deleted.
Empowered1 deleted.
pamela_ahm deleted.
Kelly Mullaney deleted.
Andrew Lanciani deleted.
Andy Jenkins deleted.
Rob LaFave deleted.
Angel Cuala deleted.
creth95 deleted.
Pam Ragland deleted.
Dario Matias deleted.
Holly Hamann deleted.
Dick Armey deleted.
gosnorky deleted.
bobbijoreadytog deleted.
craigrant.com  deleted.
rudy10 deleted.
ZotBakingCo deleted.
mindyscarlett deleted.
Peter Celnicker deleted.
janelle wright deleted.
Todd Spearhead deleted.
Hitachi Data Systems deleted.
Cody Heitschmidt deleted.
Wine Blog in London deleted.
Gordon Vaughan deleted.
Private Investigator deleted.
Rick Bakas deleted.
Jonathan Gillardi deleted.
ArtofGod deleted.
fashioninchina deleted.
Dan deleted.
Bido deleted.
NicoPisani deleted.
Jeff Stevens deleted.
catiayun deleted.
JamieGeiger deleted.
Juna Duncan deleted.
DougFirebaughSuccess deleted.
Eddy deleted.
Rick Taitano deleted.
Adrian L deleted.
Spencer Jones deleted.
nathfiset deleted.
Kurt Kennedy deleted.
Zooped.com deleted.
Melise Jones deleted.
Dr. Alice H. Cash deleted.
momlogic deleted.
Joey Alizio Jr deleted.
Nancy Marmolejo deleted.
dancovington deleted.
Searchme.com deleted.
Howard Siegel deleted.
FollowME @KarrieRoss deleted.
Jon Gordon deleted.
Renita deleted.
SPAVIEW_NZ deleted.
jeanneeng deleted.
ZnaTrainer deleted.
ablakeforum deleted.
rutweet deleted.
David J. Hinson deleted.
mikesuccess deleted.
Jon Burg deleted.
CashOnDemand deleted.
Tim Rees deleted.
Richard Kannegieser deleted.
Lisa Williams deleted.
gahq deleted.
lawngreetings deleted.
Julie at SuperMomz deleted.
Monster Cable deleted.
Mark Harbeke deleted.
Janet Attard deleted.
Doug Hudiburg deleted.
Mick deleted.
Jim Halligan deleted.
Dominique deleted.
danblackdotcom deleted.
asianlunatic deleted.
Eve deleted.
Ascendancy deleted.
Roberto Secades deleted.
Mark_Goodson deleted.
Shamir Katsu deleted.
Bob Schenkenberger deleted.
Tara Anderson deleted.
Bryan McCullough deleted.
svarogg deleted.
Marie deleted.
ShaunBarrowes deleted.
Barbara Rozgonyi deleted.
Bully deleted.
Unpopular Man deleted.
Andrew Larder deleted.
Exploding Wumpus deleted.
Aaron Brazell deleted.
RussellReynolds deleted.
beatsbydre deleted.
♫ Robin Bloor  deleted.
skywalker23 deleted.
Ola Edvardsson deleted.
Camyden deleted.
techVenture deleted.
Barbara K. Baker deleted.
Len Edgerly deleted.
Goldie Katsu deleted.
The Willows Magazine deleted.
MartinLodey deleted.
dwight silverman deleted.
duaneflowers deleted.
helozjisky deleted.
David Geller deleted.
wefi_twitt deleted.
Bradley Bradwell deleted.
JudiW deleted.
tofu666 deleted.
Thai996 deleted.
EcoFlip.org deleted.
Todd Schlomer deleted.
Alex Mandossian deleted.
Chad Spacey deleted.
Carole Fogarty deleted.
Elliot Garcia deleted.
TazzzzMann deleted.
Dr. Mike Woo-Ming deleted.
John McLaughlin deleted.
Joe Vieira deleted.
AnthonyLe deleted.
mitchellka deleted.
Busines4ProfitSystem deleted.
ohbarcelona deleted.
Joel Comm deleted.
Meg McNeal deleted.
Liza Sabater deleted.
Steven Chang deleted.
ThadWinston deleted.
Paul Sean Fitzgerald deleted.
Mark Flournoy, Owner deleted.
Jim Cobb deleted.
The Freedom Guy deleted.
Brad  deleted.
fishingproducts deleted.
TwitPic deleted.
James McGilvray deleted.
Mark Compton deleted.
Derek deleted.
Dan Murray deleted.
Norma Wilson deleted.
Kimber Schmahl deleted.
Sili deleted.
Jason Oickle deleted.
Dewald Pretorius deleted.
David_Slettum deleted.
Mitch Kobriger deleted.
Gary Rosenzweig deleted.
Jan deleted.
Laurie Leask deleted.
Jeane Goforth deleted.
Mark Gilbert deleted.
Mike Kochansky deleted.
Chris White deleted.
BenJamin Prater deleted.
Ish deleted.
Thatcher Michelsen deleted.
Mike Valentine deleted.
RafeRafton deleted.
Kara deleted.
gene deleted.
lhandys deleted.
Brian Shields deleted.
kingpepper deleted.
nathangilder deleted.
vegrevolution deleted.
Naresh  deleted.
Danny Kautt deleted.
Dayngr deleted.
ValeriuPopescu deleted.
Brad Chase deleted.
devanieangel deleted.
Wade Tonkin deleted.
Chris Lester deleted.
Michael Singer deleted.
Kevin Newcomb deleted.
Roger Carr deleted.
Shane Robinson deleted.
Eric Rice deleted.
watanabefg deleted.
Thomas Higley deleted.
Warren Whitlock deleted.
Filthy Farmgirl deleted.
Wayne Porter deleted.
Jaime deleted.
James Clark deleted.
Scott Allen deleted.
Forrest Kolb deleted.
ChuckEgg deleted.
Kevin Fleming deleted.
srini kumar deleted.
BudStein deleted.
homeschoolhelp deleted.
Amy Gahran deleted.
Dr Mani deleted.
Leo Notenboom deleted.
Sean20 deleted.
Socatra deleted.
PrimeNewsCenter.com deleted.
Jen Knox deleted.
Krista Nilsen deleted.
KaarinAlisa deleted.
Scott Jennings deleted.
Barrie J Davies deleted.
Anthony Idem Jr. deleted.
Vance Marshall deleted.
Eric Klose deleted.
davidbelser deleted.
pvconley deleted.
William Aicher deleted.
runderwood deleted.
RWC Vote No on W deleted.
Ryan Canney deleted.
Steve Averill deleted.
Jonathan Beddoes deleted.
IndyRant deleted.
AlternativeInvesting deleted.
Trekk Cross Media deleted.
rainyscultz85oy deleted.
IChooseIndy deleted.
ehankey deleted.
JMess deleted.
JanetOlson deleted.
Patty Henderson deleted.
SEO Today deleted.
Gregg deleted.
Neal Taflinger deleted.
gaudino deleted.
marisehlers deleted.
Jake Athey deleted.
Libertarians of IN deleted.
Jen Hill deleted.
B deleted.
Craig Pladson deleted.
INrestaurants deleted.
Robert Sandor deleted.
William Ryan deleted.
MktgAutomation deleted.
Alphabet Creative deleted.
tomcarusona deleted.
rizzosports deleted.
FredsFinancial deleted.
ITRecruitment deleted.
Chris Studabaker deleted.
StumpsProm deleted.
Jeff Corkran deleted.
George Kalantzis deleted.
c_morgan deleted.
markbelanger deleted.
VisitTampaBay deleted.
daddymention deleted.
andreasvongunten.com deleted.
Susan D. Strayer deleted.
rdweatherly deleted.
istobe deleted.
klefew deleted.
Melody Lentsch deleted.
Laffy deleted.
CX Digital Media Inc deleted.
chuot deleted.
Max Beatty deleted.
acassel deleted.
modemarvin deleted.
educatedqt deleted.
Nik Wilets deleted.
Tim Somers deleted.
Stacie Stewart deleted.
Brett Dills deleted.
Ken Goldman deleted.
Cindy Kim deleted.
DoorFly deleted.
jrjrichter deleted.
Tamara Sullivan deleted.
Ben Blanquera deleted.
smjacob deleted.
500lb deleted.
Celeste Johnson deleted.
JamieHS deleted.
Tyler Frieling deleted.
Rhiannon deleted.
andrea_crawford deleted.
George Roots deleted.
Eric Dosmann deleted.
loubegnel deleted.
Brian Niles deleted.
maggiemcqueen deleted.
IIB deleted.
angelajevans deleted.
Sandtiger deleted.
bjrazumich deleted.
Joel Cheesman deleted.
MPursuit deleted.
JennieOrr deleted.
GovDocs deleted.
Marie deleted.
Amber_Woodside deleted.
officemate deleted.
Allan Woodstrom deleted.
Meritage Homes deleted.
Fred Greenhalgh deleted.
gwidianto deleted.
aussiejohn deleted.
Jay Feitlinger deleted.
Atomic Playpen deleted.
Tim Briscoe deleted.
Utter Oddcast Brian deleted.
Eric Graham deleted.
disco_nebula deleted.
nbazzani deleted.
christyweymouth deleted.
smallbox deleted.
dwinkler deleted.
Google Tutor deleted.
Eric Glazer deleted.
LaurenSable deleted.
kmac deleted.
Cori Mozilo deleted.
jodiontheweb deleted.
scross0314 deleted.
Grant Johnson deleted.
P.J. Gindling deleted.
WordCamp Indy deleted.
ETELee deleted.
jeff cram deleted.
EricDudley deleted.
Jason Hoehnen deleted.
shon1504 deleted.
Michelle Miles deleted.
Dave Ewart deleted.
JasonMurphy(roadies) deleted.
Jim Cota deleted.
Sonny Cohen deleted.
Ade Olonoh deleted.
Michael Daehn deleted.
Mark A. Anderson deleted.
marshallsylver deleted.
Tony Lazzari deleted.
mateosquared deleted.
Andy Gadiel deleted.
Joseph Jaramillo deleted.
Michael Hostetler deleted.
jaysonmanship deleted.
WebsiteBiz deleted.
Jeffrey Stewart deleted.
MarketerInsight deleted.
Wylie deleted.
Mymsie deleted.
Renae Bolton deleted.
scott_thomas_et deleted.
Ben Brugler deleted.
cedwardbrice deleted.
jasonscoggins deleted.
Shannon Sell deleted.
LizzieD deleted.
Lisa Weinberger deleted.
Daniel Eizans deleted.
daras deleted.
artvigil deleted.
Bifster deleted.
skiponeill deleted.
Brandon Corbin deleted.
IndyTransponder deleted.
jobs deleted.
Antzill deleted.
Wazzok deleted.
VCSMama deleted.
Paul Fletcher deleted.
CitizensforJeff deleted.
Tom Dressler deleted.
Katie Churchey deleted.
Roy Morejon deleted.
Dittoe deleted.
Christy Oberley deleted.
MBax deleted.
Tim Wilson deleted.
Six Feet Up, Inc. deleted.
YouTubeMarketer deleted.
digitalsavant deleted.
Ed Illig deleted.
Sean Scott deleted.
Chrysa Ake deleted.
gaylord_focker deleted.
Jeana Arter deleted.
David Hibbs deleted.
junctionjim deleted.
cschults deleted.
missy10y deleted.
Noah deleted.
Calvin deleted.
bnpositive deleted.
indyfringe deleted.
devahaz deleted.
EmbraceChange deleted.
Chris Book deleted.
Rick Wolff deleted.
Matt Springer deleted.
bobbr deleted.
Doug Hooton deleted.
Joe Mansour deleted.
John Merritt deleted.
David Meade deleted.
Nicole McCleaf deleted.
mchimes deleted.
klindahl deleted.
exacttargethelp deleted.
Brian Watkins deleted.
Erin Howe deleted.
blogINDIANA deleted.
Dawn DeVirgilio deleted.
snsdesigns deleted.
Pat Matson deleted.
webhat/redhat deleted.
Erin, the eradicator deleted.
Travel Raider deleted.
Alain Edouard deleted.
Tweet CRM deleted.
Jarad Johnson deleted.
Real Rumors deleted.
Gordon Vaughan deleted.
BNO News deleted.
Mack Michaels deleted.
Cameron Francis deleted.
Laura Colar deleted.
_BILLYMAYS_ deleted.
The REAL Frank Kern deleted.
Rhonda Coleman deleted.
Adrian Bye deleted.
Jakob Mierscheid deleted.
GoalBusters deleted.
Lee Jones deleted.
absoluteproof deleted.
Vaibhav Domkundwar deleted.
n詞酷 deleted.
patti digh deleted.
Laurie Ashton Farook deleted.
pixonu deleted.
John Moore deleted.
soniasimone deleted.
Dave Navarro deleted.
jordangons deleted.
peterdrew deleted.
CustomTweets.com deleted.
nycdailydeals deleted.
Mark Michael Lewis deleted.
tarafireball deleted.
Greg Neichin deleted.
beanieville deleted.
Garin Kilpatrick deleted.
picturejohn deleted.
Joey deleted.
ReppingBeantown.com deleted.
David Courtney deleted.
Flashlight Worthy deleted.
renoufj deleted.
djplb deleted.
Doug Cone deleted.
Jonathan Bentz deleted.
Louis Cossette deleted.
rabika deleted.
Contactology deleted.
Raphael Caixeta deleted.
Joe Hayashi deleted.
vilamazonia deleted.
brandeastudio deleted.
yourowncfo deleted.
viajes.net deleted.
Nikeplus Spain deleted.
Hannibal Smith  deleted.
Brian and Sarah Gwyn deleted.
mariosomada deleted.
Hotel Guadalmina  deleted.
Lennert de Rijk deleted.
ELPAIS.com deleted.
Marek Fodor deleted.
Toni Mascaró deleted.
Experian CheetahMail deleted.
abrief21 deleted.
Experian CheetahMail deleted.
LoicDilly deleted.
BethAnnJaworski deleted.
Ellen_Carroll deleted.
Richard Seymour deleted.
ExperianQAS_UK deleted.
Hitwise_UK deleted.
Tony Frattaroli deleted.
Lisa Daromando deleted.
Kelly Warren deleted.
clevelanddotcom deleted.
Cambay Group deleted.
eliot cobb deleted.
Adam Salamon deleted.
Brian Walker deleted.
Hitwise_US deleted.
Wayne Kurtzman deleted.
Dan Agnew deleted.
nataliary deleted.
tfma_event deleted.
Giles Barron deleted.
JAMESBRUCE deleted.
SIPA deleted.
ajarosch deleted.
ryanallis deleted.
Justin Christianson deleted.
chrispund deleted.
Kiwi Champ (Jill R) deleted.
MustLoveWine deleted.
Carol Trescott deleted.
JoelSutherland deleted.
meagchia deleted.
Gregory Scott Smith deleted.
Lori Mitchell deleted.
gina_harrison deleted.
James Lavers deleted.
shukes deleted.
ruthsias deleted.
MattGallant deleted.
Jeff Horihan deleted.
Nik D'angelo deleted.
Paula Farthing deleted.
Timothy McGaffin, Sr deleted.
Ed Gerety deleted.
James Hendricks deleted.
gregg_zban deleted.
ray23223 deleted.
Jim Kerr deleted.
Chris Morrissette deleted.
Nigel Schulze deleted.
KaninaJohnson deleted.
David deleted.
robin in texas deleted.
Viralwordpress deleted.
Leah Soleil deleted.
Dave DePew deleted.
dirkpoulsen deleted.
marker131 deleted.
AnthonyMorrison deleted.
Adrian Carter deleted.
JFP_ deleted.
Sandra Hurd deleted.
T.C. Coleman deleted.
Daniel Miller deleted.
oficlenescu deleted.
Jesse Lear deleted.
WhitneyPannell deleted.
DavidFeinstein deleted.
say_hi_ deleted.
True Hot Deals deleted.
Nicole Crimaldi deleted.
Travis Greenlee deleted.
Jack Seegers deleted.
jamiefloer deleted.
Justin Scott deleted.
gr8ikd deleted.
Eben Pagan deleted.
liz_miller deleted.
davidmukonda deleted.
Max M deleted.
Drew Kossoff deleted.
Gil Elkrief ♫♪♬♪♫♪♫ deleted.
Brad Barbour, CPA deleted.
DigitalWingman deleted.
Matt Enders deleted.
MelissaEnders deleted.
Evan Chaisson deleted.
robbiekibler deleted.
MikeChoy deleted.
sean harper deleted.
Filmblazer deleted.
markjoyner deleted.
Robert Samurai deleted.
OptINnow deleted.
RaleighNews deleted.
Jodi Bakst deleted.
Michael Bubbo deleted.
pathi deleted.
Brian Russell deleted.
Clark Fletcher deleted.
fisincsjsajss deleted.
trendsetterwebs deleted.
Donald McMillan deleted.
Drew Lucas deleted.
lingyun deleted.
Jake St. Peter deleted.
Robert Fischer deleted.
doerfler deleted.
Matthew R. Miller deleted.
asnider251 deleted.
VarietyArticle Team deleted.
Dan deleted.
Burnslord4 deleted.
rjonesx deleted.
ProtoSprout deleted.
HealingVibes deleted.
James Edward Dillard deleted.
entrealliance deleted.
RealLifeE deleted.
Toli Galanis deleted.
jasond8 deleted.
Kevin Prentiss deleted.
Jose Avila deleted.
Jeff Brenman deleted.
Michael Austin  deleted.
College_Mogul deleted.
SheenaLindahl deleted.
Rob Katz deleted.
WeScribeIt deleted.
BrendanAndersen deleted.
arelmoodie deleted.
Michael Simmons deleted.
Jason Duff  deleted.
Julie Frye Sanders deleted.
Brandon Mullins deleted.
Brad Washio deleted.
EmilieYeager deleted.
cliftonlambreth deleted.
boxingforsucces deleted.
uPitch.net deleted.
Talk Social News  deleted.
Brian Auton deleted.
SmartWealthCenter deleted.
Rich Ramalho deleted.
Stever Robbins deleted.
Kacy Fortner deleted.
AaronPeacock deleted.
kwandom deleted.
Alexander Barbara deleted.
ch_mob deleted.
Kapuli deleted.
Wes Elder deleted.
RedWire deleted.
cmccracken deleted.
Andrew Kneale deleted.
KamalMe deleted.
amber9904 deleted.
David Steven deleted.
iContact.com Culture deleted.
wventrepreneur deleted.
BradSpencer deleted.
Michael Kerr deleted.
Danny Sauter deleted.
westernciv deleted.
greg mueller deleted.
criegel deleted.
Scott Hurff deleted.
roey82 deleted.
Charlie Rein deleted.
dynamIt Technologies deleted.
theWeek deleted.
James Riley deleted.
sahilparikh deleted.
inSocialMedia deleted.
Kathy Whatley deleted.
kazisdaman deleted.
Walker Traylor deleted.
Jason Baker deleted.
jonbruce deleted.
kellygirl83 deleted.
brentward deleted.
Kevin Gunn deleted.
Bella Monica deleted.
jeremyrwelch deleted.
Michael Harrison deleted.
Scott Bradley deleted.
xri://=corey deleted.
bobphoenix deleted.
m o l a r o deleted.
Mark Bao deleted.
Blogtrepreneur deleted.
Taylor Barr deleted.
Justis Peters deleted.
Doug Williams deleted.
WorshipKitchen deleted.
evanbeard deleted.
S. Rivera deleted.
Jason Pedley deleted.
bethjones deleted.
Hector_Garcia deleted.
mjohnson27 deleted.
Tanya Bamford deleted.
Patrick Allmond deleted.
Stuart Wolferman deleted.
CeeCee Woolard deleted.
Steve McKee deleted.
Toni Birdsong deleted.
JamelaG deleted.
amykramer deleted.
Teresa Power deleted.
xueperman deleted.
Bob Janes deleted.
rhondakj deleted.
Fatimaregina deleted.
summatimefunn deleted.
anitak deleted.
DeskAway deleted.
Donny Vaughn deleted.
DeAnnaCochran deleted.
dnour deleted.
bradbridges deleted.
BobMcclelland deleted.
bradfordrogne deleted.
NWeSource deleted.
Joe Sumney deleted.
djohnson7 deleted.
lisa rothstein deleted.
Victoria Potts Keale deleted.
Jim1Coe deleted.
DebbieBaldes deleted.
PandaLori deleted.
rickmcclure deleted.
Scott Richardson deleted.
austin 2.0 deleted.
joanbarrett deleted.
LauraRicci deleted.
Xumii deleted.
Web Jockey Alexei deleted.
Harland Henry deleted.
zosimos deleted.
nick_thompson_ deleted.
Teal Chimblo Fyrberg deleted.
Rich deleted.
Dale Anne Potter deleted.
Jamie Ridler deleted.
Cameron Nouri deleted.
Derec Shuler deleted.
linkads deleted.
Lesa Rossick deleted.
David LeBouef deleted.
Jenny Wong deleted.
Mwingate deleted.
oshecho deleted.
Helen Crozier deleted.
brandyours deleted.
Lisa Jeffries deleted.
Tiffany Duhart deleted.
Kirsty Dunphey deleted.
sumydesigns deleted.
WeEarth deleted.
psauer deleted.
marcanVDP deleted.
Pradnya_P deleted.
ToddBrown deleted.
Terri Roberts deleted.
Amazon Gold Deals deleted.
samueljohnstone deleted.
emagill deleted.
Matt Brown deleted.
selcup deleted.
Sam Radford deleted.
richbreton deleted.
securemywedding deleted.
Dr. Fern Kazlow deleted.
Sarah Lewis deleted.
Paula Harris deleted.
Kristie McNamara deleted.
mccarol deleted.
Ben Requena deleted.
Stephen Grant-Jones deleted.
Photofiddle.com deleted.
jeff power deleted.
Appolonia deleted.
Zariba deleted.
michaelspilz deleted.
Sam Radford deleted.
marionthorpe deleted.
yseeder deleted.
Muh'd M. Mansour deleted.
bagteria deleted.
Perry Lee deleted.
Jon Strocel deleted.
nchristianh deleted.
walbalooshi deleted.
proudlyfilipina deleted.
Chris Stiles deleted.
akcidtheft deleted.
Derek Zimmer deleted.
Ken Fleck deleted.
holyyoga deleted.
chateaumargo deleted.
Richard Wallace deleted.
Pat Charland deleted.
The Bicycle Chain deleted.
deandrealaub deleted.
Gavin Meikle deleted.
Candice Stone deleted.
Chris deleted.
Craig Strachan deleted.
Sandler Training deleted.
Melissa deleted.
Matt Saunders deleted.
AirJourneyer deleted.
Brad Nix deleted.
Jason Raznick deleted.
Scott Hemmons deleted.
Brian deleted.
inthepanhandle deleted.
Chad deleted.
getavision deleted.
Rick Couture deleted.
Walt Sweet deleted.
CampbellFieldAirport deleted.
Tim Hannig deleted.
DJ Kelly deleted.
ginnykent deleted.
ben deleted.
msederberg deleted.
wisdomology deleted.
Todd Bullivant deleted.
donnafryer deleted.
Stephanie Chausse deleted.
simonashton deleted.
RobinBryce deleted.
Brandon Buller deleted.
Gregory Ng deleted.
Sanjay Patel deleted.
Krista E. Summitt deleted.
jkgibbs deleted.
olivia hayes deleted.
GQEX deleted.
Jennie MustafaJulock deleted.
Jan Scott deleted.
fastbannersnow deleted.
Peter Brooks deleted.
Miranda McCurlie deleted.
Kevin Hill deleted.
ReputationFixer deleted.
Egor Ukoloff deleted.
harpjoy deleted.
Charlottes Got A Lot deleted.
lbridwell deleted.
Bralies Sports Bar deleted.
Terri Marshall deleted.
tweetshops deleted.
Jill Mastrangelo deleted.
560clk deleted.
Jennifer deleted.
Larry Weaver deleted.
Cocoabebe deleted.
Tommy Nguyen deleted.
jefflail deleted.
Naomi Vail deleted.
SeanMcAlister deleted.
Chris Hurley (ITGuy) deleted.
Ingebjorg deleted.
Brandon Milford deleted.
BOM News deleted.
mrinklin deleted.
Alex Payne deleted.
Quizzle deleted.
Drew Dillon deleted.
Danny Urquia deleted.
Kevin Gamble deleted.
SMC_RDU deleted.
Tiffani Ashley Bell deleted.
Kevin deleted.
Bruce Shilander deleted.
andydrish deleted.
Kevin Koym deleted.
Dan London deleted.
WordCampRDU deleted.
Andrew Cafourek deleted.
Henry Griner deleted.
Jay Faulkner deleted.
Gina Loree' Marks deleted.
Brian Weaver deleted.
Ayn Elise deleted.
FatFighterTV deleted.
Dave 919-723-7916 deleted.
teresamorrow deleted.
Lyell E. Petersen deleted.
James deleted.
MonaVerde deleted.
Barbara Loveland deleted.
Kelly Cookson deleted.
jtobin deleted.
Tami Urban deleted.
URBANE APARTMENTS deleted.
sarah mccoy deleted.
Stacy O'Connell deleted.
Adrienne deleted.
maeganometry deleted.
Sonja Foust deleted.
DJ Sipe deleted.
Diane Aull deleted.
flowerncsu deleted.
Phoenixstand deleted.
TeddyGarcia deleted.
tommy gibson deleted.
Jason Peck deleted.
Saad Kamal deleted.
shannonowalker deleted.
David Rasch deleted.
quotesnack deleted.
bioniclily deleted.
Julia Tatterton deleted.
nicholasbreen deleted.
froggertv deleted.
Josh Gillner deleted.
Chris McKinley deleted.
DriverSide.com deleted.
Tony Zanders deleted.
Mr. Social deleted.
PaulHodorogea deleted.
Legal Times deleted.
gsblocona deleted.
LARESAKA_NET deleted.
IsraeliElection deleted.
Jared Lyda deleted.
WorkforBooks deleted.
Jessica Cox deleted.
jewishtimes deleted.
Ken Shigley deleted.
Hayes Potter deleted.
kathyoreilly deleted.
Aaron Chio deleted.
Tom Callinan deleted.
IT PRO Magazine deleted.
Antonio deleted.
Greg deleted.
jeffery mavers deleted.
National Snow Day deleted.
Macroaxis deleted.
Jeremyville deleted.
JohnC deleted.
Worldonline deleted.
Jenn Spencer deleted.
Charles Wang deleted.
Josh Smith deleted.
4p deleted.
Jody Ferry deleted.
Ryan Wade deleted.
ShoeMoney deleted.
