Running...
nist deleted.
Xobni  deleted.
Austin On Rails deleted.
Vinodh Nandakumar deleted.
Mike Caron deleted.
Eli Juicy Jones deleted.
Luke Dorny deleted.
Brian Mitchell deleted.
Mukund Mohan deleted.
Arun Vijayan deleted.
John Goering deleted.
Ernesto Gluecksmann deleted.
Kevin Rochowski deleted.
Angie Barbour deleted.
Tapio Liller deleted.
Matthias Bauer deleted.
Aditya Vempaty  deleted.
oldphilliptombs deleted.
emailexperts deleted.
Austin Tweets deleted.
Ben Roodman deleted.
Kevin Rose deleted.
Matthew Price deleted.
Rob Hawkes deleted.
zunaid khan deleted.
Adam Teece deleted.
Morgan Witt deleted.
Kurt M deleted.
Hein Roehrig deleted.
Melissa deleted.
Andreas Jacob deleted.
Robert Sørensen deleted.
Claudia Sommer deleted.
Joaquin  deleted.
Alex Kapranoff deleted.
Yinjie Soon deleted.
Brett deleted.
Nik deleted.
Dave Donohue deleted.
Koko deleted.
Brandon Eley deleted.
austinstartup deleted.
Jim Parsons deleted.
Raúl Colón-Scarano deleted.
✰ Larry Chiang ✰ deleted.
Marcus Irven deleted.
Scott Goldblatt deleted.
Mike Kaudian deleted.
Ewout Wolff deleted.
boogie deleted.
cbgreenwood deleted.
Jonathan van Wunnik deleted.
Kol Tregaskes deleted.
Doug Tangren deleted.
Chu Yeow deleted.
siva215 deleted.
shafin deleted.
heysanford deleted.
pfamos deleted.
Nate Johnson deleted.
Miki Samborsky deleted.
Thomas deleted.
Kevin Garber deleted.
Lucas Vogelsang deleted.
Aaron Appelt deleted.
Torsten Bergler deleted.
Bayouside deleted.
ryancaroll deleted.
Heather Poirier deleted.
Salem deleted.
dackerman deleted.
Nicole Nascenzi deleted.
Brenda McLaren deleted.
Jason Calacanis deleted.
Twitterrific deleted.
cone johnson deleted.
derlinzer deleted.
Swan deleted.
Dan Keldsen deleted.
nounous deleted.
Bunny Man deleted.
Cynthia Bischoff deleted.
Tim R deleted.
Matty Yip deleted.
Eric deleted.
Helder Santana deleted.
Jonathan deleted.
MUSIC VIDEO DIRECTOR deleted.
John Mettraux deleted.
Michael Quick deleted.
Josh Holloway deleted.
Brian Cavalier deleted.
Norbert Hayduk deleted.
Daniel Bishop deleted.
Blake deleted.
ezotrank deleted.
ullmic6 deleted.
Joseph Schaeffer deleted.
redorangeorange deleted.
Amy Felix deleted.
John O'Day deleted.
Stephanie deleted.
Stéphane Rangaya deleted.
Bastian P deleted.
Mimoun deleted.
Sahara Damore deleted.
thepcompany deleted.
Brandon Kish deleted.
Raven Zachary deleted.
riccardo83 deleted.
botolo86 deleted.
thenumbertoo deleted.
mueymal deleted.
May C -PalmDiscovery deleted.
Кирилл Котиков deleted.
Christophe Kowalczyk deleted.
R. Schow deleted.
Loic Le Meur deleted.
VidaNix deleted.
Nicole Jones deleted.
Tommy Vallier deleted.
James Lowery deleted.
Julie Hamel deleted.
winson deleted.
Shane Guiter deleted.
Matt Thommes deleted.
Michael Litman deleted.
OneLuvGurl deleted.
Wesley R deleted.
dragon788 deleted.
ROLe J deleted.
DownLoadoRDie deleted.
mzito deleted.
Ben deleted.
C_Unplugged deleted.
cardplayer deleted.
Arron Hutcheson deleted.
matt hunter deleted.
Kerim Friedman 傅可恩 deleted.
cobrastyle00 deleted.
James deleted.
Jay Barcelo deleted.
ituneappreviews deleted.
The Fearless Blogger deleted.
Rob Long deleted.
Joel deleted.
Amélie Foucault deleted.
akrdeakrde deleted.
WikiAudio deleted.
CarolSchoeppler deleted.
matthew solle deleted.
Scott Elias  deleted.
Nickel deleted.
Lesley Edwards deleted.
Paul Heyer deleted.
Didier deleted.
Michael J Cohen deleted.
Christine Furst deleted.
Julian Lukács deleted.
Lisa Pizza deleted.
Chic Geek :Kailynn deleted.
de_meier deleted.
Tiny Shakespeare deleted.
Tiny Confucius deleted.
William R. Nabaza deleted.
A. Jo. Martin deleted.
Dan And Jennifer deleted.
Loki deleted.
elnin0 deleted.
loudHIVE deleted.
Lisa Brandt Heckman deleted.
Richie Ni deleted.
Patrik Votoček deleted.
Woyager deleted.
Chris Bailey deleted.
Gabriel Birke deleted.
Justin deleted.
Simon deleted.
Ole! deleted.
jon macchio deleted.
Indie 103.1  deleted.
Lee LeBlanc deleted.
Dan Ridley Hallock deleted.
Maura  McGovern deleted.
Iamitravel deleted.
Jeff Keen deleted.
Stuart Robertson deleted.
bootstrapaustin deleted.
Wade Heninger deleted.
Kay deleted.
MissSomething deleted.
Axel deleted.
Håvard Lindset deleted.
Joseph Miller deleted.
Laura Lee Sparks deleted.
Joey deleted.
Brandon Zeuner deleted.
Jamrock deleted.
Adam Lasnik deleted.
Markus deleted.
Ryan Swagar deleted.
candace kuss deleted.
Nik deleted.
Deepak deleted.
100rabh™ deleted.
Todd Ditchendorf deleted.
e-vents.com deleted.
Sasha Kovaliov deleted.
joannareed deleted.
Martin Tantow deleted.
shlomster deleted.
Baher deleted.
Jennifer Whiting deleted.
ThomasChisler deleted.
Rolli deleted.
MichaelDeutch deleted.
Kyle Stern deleted.
Amber Case deleted.
Dr P Fenderson deleted.
Capsun M. Poe deleted.
Benjamin J. Gilbert deleted.
Randall De Weerd deleted.
Kris deleted.
Robert Lachman deleted.
Jason Motylinski deleted.
Brett Borders deleted.
Eric Martindale deleted.
carthesian deleted.
Andy Ciordia deleted.
rdmcurator deleted.
Olof Bendt deleted.
CarolH deleted.
Josh Feierman deleted.
Mark McCulloch deleted.
Tyler C Hill deleted.
Mike Vardy deleted.
Jan Poston Day deleted.
David Cohn deleted.
Mike Cooper deleted.
sidesey deleted.
Chris Blatnick deleted.
ritawiebner deleted.
Kevin deleted.
elainea deleted.
darringrella deleted.
Jason Burns deleted.
Bridget  deleted.
flarmonster deleted.
Troy Forcier deleted.
Guy Bendov deleted.
Tim Walker deleted.
Dave Mora deleted.
Mark Bockenstedt deleted.
knowgoodmusic deleted.
Doug Hazelman deleted.
Jason deleted.
Brian Hefter deleted.
Justin Dorfman deleted.
blackcoldheart deleted.
Wizard Lizard deleted.
Kathryn Presner deleted.
Sarah deleted.
Mikeal deleted.
Jamie Ridler deleted.
Jo -mangee- Booth deleted.
Amy Beth      deleted.
Rhoda/Namaste deleted.
jennyrotten deleted.
joanneheim deleted.
Luciano E. Guerche deleted.
travalas deleted.
DevHawk deleted.
KyleSC deleted.
Aric Monts deleted.
joshua goggans deleted.
Jason Bradford deleted.
Daniil deleted.
Fabian A. Scherschel deleted.
peterkirn deleted.
Ryan Taylor deleted.
Martin McClellan deleted.
Paul Miller deleted.
Chris Bultman deleted.
Rustin Jessen deleted.
Dr. Fern Kazlow deleted.
Ernst deleted.
loveunleashed deleted.
Kelvin J. McDaniel deleted.
susan stripling deleted.
ArtistTaraReed deleted.
ChuckScrivner deleted.
Gary Lamb deleted.
Michael Sitarzewski deleted.
Pamela Leigh Seiple deleted.
Donn Felker deleted.
Larry Odebrecht deleted.
davidgs deleted.
Jon Mulholland deleted.
Lee Provoost deleted.
Josh deleted.
Doc Kane deleted.
PropertyQwest deleted.
M.K. Louie deleted.
Richard Masoner deleted.
Ryan Kucera deleted.
imogenhowson deleted.
tipjoy deleted.
Christine Taylor deleted.
Shatter deleted.
Joe Kemp deleted.
Jason Hamilton deleted.
Roderick deleted.
Art Wells deleted.
jelene morris deleted.
Kirby Turner deleted.
Jamie deleted.
newzhogg deleted.
mg_tech deleted.
Bill Cameron deleted.
platformexpert deleted.
Gabriel Ramos deleted.
Michael Gratton deleted.
Jianpei Ye deleted.
Aniq Rahman deleted.
increibleignatz deleted.
Sunil Shenoy deleted.
Saket Vaidya deleted.
Taylor Davidson deleted.
Ari Herzog deleted.
Matt deleted.
Thea deleted.
Rachel Robinson deleted.
TheLoneBeader.com deleted.
Annie deleted.
Laura deleted.
Jeremy Steele deleted.
Barry deleted.
Matt Middleton deleted.
Maranda Carvell deleted.
protestnet deleted.
Mario Amaya deleted.
Robert S. Goheen deleted.
Marc Michaud deleted.
Peter Fleck deleted.
Kenny Hyder deleted.
Luis Zavaleta deleted.
Jose Izquierdo deleted.
chadmyers deleted.
Tony Maro deleted.
Chris Morrell deleted.
Bryan Duffie deleted.
Scott Bieser deleted.
Gib Wallis deleted.
Blake Denman deleted.
braulio aquino deleted.
Marc Krejci deleted.
Jack Franklin deleted.
brag.com deleted.
Hand Standard deleted.
JeanieCallen deleted.
Penny Dude deleted.
ClipBlast CEO deleted.
Twitteiro Profissa deleted.
Prince Sellers deleted.
Princess Chavez deleted.
TechGlance deleted.
Eddie Burns deleted.
Eric Shepherd deleted.
Heywood Jablomii deleted.
Mike Beltzner deleted.
natalia deleted.
Mauro deleted.
fyang deleted.
Simon Phipps deleted.
Nikolai Bailey deleted.
Ef Rodriguez deleted.
Timo Schilling deleted.
Mike Keliher deleted.
Peter Baumgartner deleted.
dashaver deleted.
Glen More deleted.
Joseph Zuccaro deleted.
Marc Canter deleted.
kathyelkins deleted.
Human Rights News deleted.
Jo White deleted.
Tim Kerrick deleted.
Doug Haslam deleted.
MHoffpauir deleted.
dotNETwizard deleted.
Leeeeeeroy Jenkins deleted.
Ian Fernando deleted.
Kevin Briody deleted.
Gameologists deleted.
Ann Kingman deleted.
Felipe Cepriano deleted.
Sun  Blogs deleted.
Rob Justice deleted.
Sam Downie deleted.
Tom Elko deleted.
Doug Meacham deleted.
kdishroon deleted.
Sam Harrelson deleted.
John Kirriemuir deleted.
Jen Knox deleted.
Mieke Janssens deleted.
Luiz Otávio Tinoco deleted.
Sally Jo Sorensen deleted.
Mehdi Kabab deleted.
Commtouch deleted.
Darragh Doyle deleted.
farkpolitics deleted.
Steve Heath deleted.
Richard Fitzjohn deleted.
ginamarr deleted.
Nicole McCleaf deleted.
MaeganMerry deleted.
norti deleted.
Anthony Galvin deleted.
Felipe Cerda Barra deleted.
Simone Villas Boas deleted.
Jim Thompson deleted.
inkiostro deleted.
Jessica Krywosa deleted.
Desmond Kline deleted.
JustF0rFun deleted.
Leonardo Motta deleted.
Enrique Sanz deleted.
jodiontheweb deleted.
Benjamin Stein deleted.
christaldesigns deleted.
Ardamus deleted.
Lucas Fernandez deleted.
ಧ್ರುವ ಕೃಷ್ಣನ್ deleted.
HuffPost Politics deleted.
Valerie deleted.
zara*beatriz deleted.
Aswin Anand deleted.
Db0 deleted.
Jamfris deleted.
Wayne Liew deleted.
Zmijata deleted.
MLeoDaalder deleted.
Daniel Vieira :) deleted.
Lennard Timm deleted.
kubotos deleted.
TIMESwampland deleted.
TIME.com deleted.
julio_r deleted.
Paul Annett deleted.
Dan Oliver deleted.
Stephen Davies deleted.
bartee deleted.
Looii deleted.
Luca Marchi deleted.
carolswain deleted.
wtnabe deleted.
Xavier Moisant deleted.
Emma Jane Falconer deleted.
Soulla Stylianou deleted.
Seth Dickens deleted.
Jay Carozzi deleted.
Gavin Smith deleted.
Andre Li Pan deleted.
Irfan Toni H deleted.
Lorenzo Mendoza deleted.
Thorsten Zoerner deleted.
hiroshiatwiki deleted.
Lore deleted.
Mike Loukides deleted.
preciosa deleted.
Lance Wicks deleted.
Federico Picone deleted.
Christian Diel deleted.
Diana deleted.
Ewen Wallace deleted.
Scott Hanselman deleted.
Paul Anthony deleted.
ian_kenefick deleted.
Swizec deleted.
rob anderson deleted.
Wilbert  deleted.
Chintana Wilamuna deleted.
slojo deleted.
Mattia &quot;zio Gil deleted.
Gordon Lokenberg deleted.
Jagadishkumar G deleted.
Saresa/Angela deleted.
Koichiro Tsukamoto deleted.
Justhipper deleted.
Vinay S deleted.
Grant Crosby deleted.
Tim deleted.
Oliver Haslam deleted.
Chris Applegate deleted.
Chris Hodgins deleted.
Helen Jaques deleted.
praVeen deleted.
pradt deleted.
Enduring America deleted.
Grace Baynes deleted.
franz enzenhofer deleted.
Keith Ahern deleted.
quicoto deleted.
Ricardo deleted.
NkD deleted.
Robert Sandlan deleted.
Public deleted.
ComMetrics deleted.
Ramla Akhtar deleted.
Alexander Drewniak deleted.
Till Achinger deleted.
Asteris Masouras deleted.
Julian Doherty deleted.
Liberty Howe deleted.
gary deleted.
misterslim deleted.
tonio888 deleted.
psanner deleted.
Ross McMinn deleted.
Alice Hayden deleted.
edziardo deleted.
 Lee Wilkins deleted.
toddogasawara deleted.
How To deleted.
Anthony C Howe deleted.
Gilad Ben-Yossef deleted.
Francesco Napoletano deleted.
Mark_Mulligan deleted.
spamkids deleted.
Ghosty Kips deleted.
gerik deleted.
Scott Lovegrove deleted.
joey castillo deleted.
Lissa deleted.
James Mallinson deleted.
roadkillrefugee deleted.
Lynn H. Johnson deleted.
Scott P. Richert deleted.
Charles Var deleted.
stroz deleted.
Josh Spaulding deleted.
Pablo Nob Danielli deleted.
stoptime deleted.
fsamuels_tunes deleted.
Step Schwarz deleted.
Harith deleted.
jamiemcdonald deleted.
Barbara Eyre deleted.
gregorywurm deleted.
Neven Mrgan deleted.
Jeff Flowers deleted.
Jeff Winder  deleted.
Pete Wright deleted.
Guk deleted.
Ken Jones deleted.
Florent V. deleted.
Steve Dobkins deleted.
Bruno  Walther deleted.
KellieMcCoy deleted.
The University Kid deleted.
Michael deleted.
Erick Kwiecien deleted.
Vortaloptics deleted.
Brendan Wilhide deleted.
James D Robinson 4.0 deleted.
erconservative deleted.
Jörg Battermann deleted.
Nazia deleted.
Sharjeel Sayed deleted.
Dave Marquard deleted.
Jim Grygar deleted.
innovacion deleted.
Jennifer Blair deleted.
mechanis deleted.
Justin K. deleted.
OG deleted.
Daniel Miller deleted.
Chris Carella deleted.
Jakob Mierscheid deleted.
Don McCallen deleted.
Nick deleted.
Jeremy Asmus deleted.
David Snyder deleted.
J-J-Jason deleted.
Tim Crenshaw deleted.
Mike Wesely deleted.
billmachon deleted.
Steve Kite deleted.
Gillian Shaw deleted.
Rebecca K Weingarten deleted.
Jeff Standen deleted.
nuws deleted.
thegamers deleted.
venturebeat deleted.
bradfarnworth deleted.
Scott Wyden Kivowitz deleted.
Scott Sidwell deleted.
Betty deleted.
Eric Canaday  deleted.
Michael Hussey deleted.
Pluck deleted.
karenshaydunn deleted.
Macroaxis deleted.
CitiGalMelanie deleted.
Matt Griffin deleted.
VideOptin deleted.
MJB Wolf deleted.
Alex Bain deleted.
Fubiz deleted.
Josh Klein deleted.
BestTweets.com deleted.
Tamura Jones deleted.
Brian Feldman deleted.
Tyomma Maynas deleted.
stacy-marie ishmael deleted.
AnoTag Support deleted.
debrennersmith deleted.
Jason Kwong. deleted.
davidlibby deleted.
Social Media Insider deleted.
Jarad Johnson deleted.
Яков deleted.
Bretton Lewis deleted.
Charles McGill deleted.
Chris Stutz deleted.
Stef Lewandowski deleted.
Mariva H. Aviram deleted.
Arthur Chan deleted.
tjaybelt deleted.
AndyLeonard deleted.
Edd Couchman deleted.
jonas28 deleted.
Fabian Neumann deleted.
EdgeDesigns deleted.
SQLRockstar deleted.
Ryan J. Markel deleted.
Jon Phillips deleted.
Jason Silverstein deleted.
Mr. Darcy Murphy deleted.
Kris Freedain deleted.
Crystal 2.0 deleted.
Jason Kucsma deleted.
Julian Hein deleted.
Hans Dorsch deleted.
Eddi Eddi deleted.
ben hengst deleted.
shino deleted.
LindsayT deleted.
Gita Lal deleted.
Casey Wach deleted.
latestrant deleted.
Peter deleted.
Eric Kelly deleted.
Smartoons deleted.
NiN deleted.
CK Chung deleted.
English_News deleted.
famoustwits deleted.
TradeShowROI deleted.
dana marruffo deleted.
Sharnese LaNier deleted.
Fast Company deleted.
Sarah Gilbert Fox deleted.
Luc Latulippe deleted.
Don Draper deleted.
David Towers deleted.
Caleb White deleted.
Bryce AKA Email Hero deleted.
Om Malik deleted.
techstartups deleted.
Richard Price deleted.
Tomas P deleted.
James Malach deleted.
Dave Peck deleted.
Andrew Dupont deleted.
Cody Powell deleted.
rubytester deleted.
KEEN  deleted.
Doug Bernstein deleted.
Edgar Gonçalves deleted.
Michelle Childs deleted.
Logan Youree deleted.
TimW deleted.
Chris Celek deleted.
Zachary Finer deleted.
Andrew Miller deleted.
jallen285 deleted.
Gabriel Chung deleted.
Ben Warmuth deleted.
Jocelyn Fiat deleted.
Ehren Foss deleted.
Mauricio Reyes deleted.
lavannamartin deleted.
Steve Hernandez deleted.
npj deleted.
Mike Karr deleted.
telschow deleted.
Eric Prenen deleted.
Коляныч deleted.
D.B. Everson deleted.
mschwanz deleted.
Andreas Wålm deleted.
Sean Price deleted.
Sharon R deleted.
Joe Chiocchi deleted.
Philippe Le Roux deleted.
Mitschi deleted.
Leila Oliva deleted.
Adrian Fox deleted.
Julia deleted.
$10k A Month Biz ! deleted.
Trish Cone deleted.
Dan Barrett deleted.
Elisha Rene deleted.
Karols Kitchen deleted.
Muhammed Yousif deleted.
n_romain deleted.
Danielle Schmelkin deleted.
Tyshalle Vilayna deleted.
Frank Robinson deleted.
Erika Greco deleted.
Diego D. C. Isaac deleted.
Greg Martin deleted.
Rob Knight deleted.
Wendy deleted.
Veteran Carts deleted.
Nepal 09 deleted.
Marko Garafulic deleted.
 Dave Harris deleted.
Cat deleted.
Rick Sauter deleted.
Casey deleted.
Eons.com  deleted.
Mark Alan Dooley deleted.
toph miller deleted.
Robert Popoff deleted.
Tom Bowers deleted.
Michelle Gill deleted.
Drew Kennelly deleted.
News Reporter✔ deleted.
MATT WILLIAMS deleted.
Mark S. deleted.
brownbean studios deleted.
Maria Brown deleted.
A New Mode Fashion deleted.
Gerald Romine deleted.
Rocamador deleted.
Nutty Newswire deleted.
Random Great Deals deleted.
Marcus Vinicius deleted.
Mark Wirblich deleted.
Chris Burns deleted.
Wesley Faulkner deleted.
Website Makers deleted.
Drew Lucas deleted.
Dons Freeporn deleted.
Dave and Ethan deleted.
oneBlog Gruppo HTML deleted.
Orazio Tassone deleted.
kuzya deleted.
happn.in austin deleted.
Nathalie Cordeaux  deleted.
ladybirdlake deleted.
HuntMyMusic deleted.
williecass deleted.
Octo Tea 14 deleted.
Josh Turmel deleted.
Jay.  deleted.
Jerry Swiatek deleted.
rekhapadukare deleted.
Running...
Running...
Running...
